2025-12-26 19:42:35,140 INFO    MainThread:22264 [wandb_setup.py:_flush():80] Current SDK version is 0.23.1
2025-12-26 19:42:35,141 INFO    MainThread:22264 [wandb_setup.py:_flush():80] Configure stats pid to 22264
2025-12-26 19:42:35,141 INFO    MainThread:22264 [wandb_setup.py:_flush():80] Loading settings from C:\Users\kewtiiiii\.config\wandb\settings
2025-12-26 19:42:35,142 INFO    MainThread:22264 [wandb_setup.py:_flush():80] Loading settings from C:\Users\kewtiiiii\Desktop\Projects\food-emissions-classification\wandb\settings
2025-12-26 19:42:35,142 INFO    MainThread:22264 [wandb_setup.py:_flush():80] Loading settings from environment variables
2025-12-26 19:42:35,142 INFO    MainThread:22264 [wandb_init.py:setup_run_log_directory():714] Logging user logs to C:\Users\kewtiiiii\Desktop\Projects\food-emissions-classification\wandb\run-20251226_194235-hg6330yf\logs\debug.log
2025-12-26 19:42:35,145 INFO    MainThread:22264 [wandb_init.py:setup_run_log_directory():715] Logging internal logs to C:\Users\kewtiiiii\Desktop\Projects\food-emissions-classification\wandb\run-20251226_194235-hg6330yf\logs\debug-internal.log
2025-12-26 19:42:35,145 INFO    MainThread:22264 [wandb_init.py:init():841] calling init triggers
2025-12-26 19:42:35,145 INFO    MainThread:22264 [wandb_init.py:init():846] wandb.init called with sweep_config: {}
config: {'model_type': 'bayesian_logistic', 'num_samples': 2000, 'num_chains': 4, '_wandb': {}}
2025-12-26 19:42:35,145 INFO    MainThread:22264 [wandb_init.py:init():889] starting backend
2025-12-26 19:42:37,709 INFO    MainThread:22264 [wandb_init.py:init():892] sending inform_init request
2025-12-26 19:42:37,757 INFO    MainThread:22264 [wandb_init.py:init():900] backend started and connected
2025-12-26 19:42:37,760 INFO    MainThread:22264 [wandb_init.py:init():970] updated telemetry
2025-12-26 19:42:37,847 INFO    MainThread:22264 [wandb_init.py:init():994] communicating run to backend with 90.0 second timeout
2025-12-26 19:42:38,458 INFO    MainThread:22264 [wandb_init.py:init():1041] starting run threads in backend
2025-12-26 19:42:40,136 INFO    MainThread:22264 [wandb_run.py:_console_start():2521] atexit reg
2025-12-26 19:42:40,136 INFO    MainThread:22264 [wandb_run.py:_redirect():2369] redirect: wrap_raw
2025-12-26 19:42:40,137 INFO    MainThread:22264 [wandb_run.py:_redirect():2438] Wrapping output streams.
2025-12-26 19:42:40,137 INFO    MainThread:22264 [wandb_run.py:_redirect():2461] Redirects installed.
2025-12-26 19:42:40,145 INFO    MainThread:22264 [wandb_init.py:init():1081] run started, returning control to user process
2025-12-26 19:51:01,476 ERROR   wandb-AsyncioManager-main:22264 [service_client.py:_forward_responses():77] Error reading server response.
Traceback (most recent call last):
  File "C:\Users\kewtiiiii\anaconda3\Lib\asyncio\windows_events.py", line 463, in finish_socket_func
    return ov.getresult()
           ~~~~~~~~~~~~^^
OSError: [WinError 64] The specified network name is no longer available

During handling of the above exception, another exception occurred:

Traceback (most recent call last):
  File "C:\Users\kewtiiiii\anaconda3\Lib\site-packages\wandb\sdk\lib\service\service_client.py", line 73, in _forward_responses
    while response := await self._read_server_response():
                      ^^^^^^^^^^^^^^^^^^^^^^^^^^^^^^^^^^
  File "C:\Users\kewtiiiii\anaconda3\Lib\site-packages\wandb\sdk\lib\service\service_client.py", line 87, in _read_server_response
    header = await self._reader.readexactly(_HEADER_BYTE_INT_LEN)
             ^^^^^^^^^^^^^^^^^^^^^^^^^^^^^^^^^^^^^^^^^^^^^^^^^^^^
  File "C:\Users\kewtiiiii\anaconda3\Lib\asyncio\streams.py", line 769, in readexactly
    await self._wait_for_data('readexactly')
  File "C:\Users\kewtiiiii\anaconda3\Lib\asyncio\streams.py", line 539, in _wait_for_data
    await self._waiter
  File "C:\Users\kewtiiiii\anaconda3\Lib\asyncio\proactor_events.py", line 286, in _loop_reading
    length = fut.result()
  File "C:\Users\kewtiiiii\anaconda3\Lib\asyncio\windows_events.py", line 804, in _poll
    value = callback(transferred, key, ov)
  File "C:\Users\kewtiiiii\anaconda3\Lib\asyncio\windows_events.py", line 467, in finish_socket_func
    raise ConnectionResetError(*exc.args)
ConnectionResetError: [WinError 64] The specified network name is no longer available
2025-12-26 19:51:01,526 INFO    wandb-AsyncioManager-main:22264 [mailbox.py:close():137] Closing mailbox, abandoning 1 handles.
